{"D:\\Project\\React\\unit-testing2\\demo\\src\\App.js": {"path":"D:\\Project\\React\\unit-testing2\\demo\\src\\App.js","statementMap":{"0":{"start":{"line":8,"column":2},"end":{"line":14,"column":4}}},"fnMap":{"0":{"name":"App","decl":{"start":{"line":7,"column":9},"end":{"line":7,"column":12}},"loc":{"start":{"line":7,"column":15},"end":{"line":15,"column":1}},"line":7}},"branchMap":{},"s":{"0":1},"f":{"0":1},"b":{},"_coverageSchema":"43e27e138ebf9cfc5966b082cf9a028302ed4184","hash":"bb3f1e55f47325ae8dcedc9e462b64993c7bc7e7"}
,"D:\\Project\\React\\unit-testing2\\demo\\src\\components\\counter\\Counter.js": {"path":"D:\\Project\\React\\unit-testing2\\demo\\src\\components\\counter\\Counter.js","statementMap":{"0":{"start":{"line":4,"column":34},"end":{"line":4,"column":45}},"1":{"start":{"line":6,"column":23},"end":{"line":10,"column":7}},"2":{"start":{"line":7,"column":8},"end":{"line":9,"column":15}},"3":{"start":{"line":8,"column":10},"end":{"line":8,"column":33}},"4":{"start":{"line":12,"column":4},"end":{"line":21,"column":5}},"5":{"start":{"line":17,"column":51},"end":{"line":17,"column":74}},"6":{"start":{"line":19,"column":53},"end":{"line":19,"column":76}}},"fnMap":{"0":{"name":"Counter","decl":{"start":{"line":3,"column":9},"end":{"line":3,"column":16}},"loc":{"start":{"line":3,"column":19},"end":{"line":22,"column":1}},"line":3},"1":{"name":"(anonymous_1)","decl":{"start":{"line":6,"column":23},"end":{"line":6,"column":24}},"loc":{"start":{"line":7,"column":8},"end":{"line":9,"column":15}},"line":7},"2":{"name":"(anonymous_2)","decl":{"start":{"line":7,"column":19},"end":{"line":7,"column":20}},"loc":{"start":{"line":7,"column":25},"end":{"line":9,"column":9}},"line":7},"3":{"name":"(anonymous_3)","decl":{"start":{"line":17,"column":45},"end":{"line":17,"column":46}},"loc":{"start":{"line":17,"column":51},"end":{"line":17,"column":74}},"line":17},"4":{"name":"(anonymous_4)","decl":{"start":{"line":19,"column":47},"end":{"line":19,"column":48}},"loc":{"start":{"line":19,"column":53},"end":{"line":19,"column":76}},"line":19}},"branchMap":{},"s":{"0":8,"1":8,"2":1,"3":1,"4":8,"5":1,"6":1},"f":{"0":8,"1":1,"2":1,"3":1,"4":1},"b":{},"_coverageSchema":"43e27e138ebf9cfc5966b082cf9a028302ed4184","hash":"42ed7eec627bc3894c1b92ac1369a18568de39f7"}
,"D:\\Project\\React\\unit-testing2\\demo\\src\\components\\twoWayDataBinding\\TwoWayDataBinding.js": {"path":"D:\\Project\\React\\unit-testing2\\demo\\src\\components\\twoWayDataBinding\\TwoWayDataBinding.js","statementMap":{"0":{"start":{"line":4,"column":40},"end":{"line":4,"column":52}},"1":{"start":{"line":6,"column":24},"end":{"line":8,"column":5}},"2":{"start":{"line":7,"column":8},"end":{"line":7,"column":37}},"3":{"start":{"line":10,"column":4},"end":{"line":17,"column":5}}},"fnMap":{"0":{"name":"TwoWayDataBinding","decl":{"start":{"line":3,"column":9},"end":{"line":3,"column":26}},"loc":{"start":{"line":3,"column":29},"end":{"line":18,"column":1}},"line":3},"1":{"name":"(anonymous_1)","decl":{"start":{"line":6,"column":24},"end":{"line":6,"column":25}},"loc":{"start":{"line":6,"column":31},"end":{"line":8,"column":5}},"line":6}},"branchMap":{},"s":{"0":1,"1":1,"2":0,"3":1},"f":{"0":1,"1":0},"b":{},"_coverageSchema":"43e27e138ebf9cfc5966b082cf9a028302ed4184","hash":"0bdd05fa2f1cc1b567d4794cb786003f4f87a314"}
}
