TN:
SF:D:\Project\React\unit-testing2\demo\src\App.js
FN:7,App
FNF:1
FNH:1
FNDA:1,App
DA:8,1
LF:1
LH:1
BRF:0
BRH:0
end_of_record
TN:
SF:D:\Project\React\unit-testing2\demo\src\components\counter\Counter.js
FN:3,Counter
FN:6,(anonymous_1)
FN:7,(anonymous_2)
FN:17,(anonymous_3)
FN:19,(anonymous_4)
FNF:5
FNH:5
FNDA:8,Counter
FNDA:1,(anonymous_1)
FNDA:1,(anonymous_2)
FNDA:1,(anonymous_3)
FNDA:1,(anonymous_4)
DA:4,8
DA:6,8
DA:7,1
DA:8,1
DA:12,8
DA:17,1
DA:19,1
LF:7
LH:7
BRF:0
BRH:0
end_of_record
TN:
SF:D:\Project\React\unit-testing2\demo\src\components\twoWayDataBinding\TwoWayDataBinding.js
FN:3,TwoWayDataBinding
FN:6,(anonymous_1)
FNF:2
FNH:1
FNDA:1,TwoWayDataBinding
FNDA:0,(anonymous_1)
DA:4,1
DA:6,1
DA:7,0
DA:10,1
LF:4
LH:3
BRF:0
BRH:0
end_of_record
